# JRE version: OpenJDK Runtime Environment (11.0.8+10) (build 11.0.8+10-b944.6842174)
# Java VM: OpenJDK 64-Bit Server VM (11.0.8+10-b944.6842174, mixed mode, tiered, compressed oops, g1 gc, windows-amd64)
Heap:
 garbage-first heap   total 398336K, used 155515K [0x00000000a0000000, 0x0000000100000000)
  region size 1024K, 7 young (7168K), 7 survivors (7168K)
 Metaspace       used 99608K, capacity 104267K, committed 104320K, reserved 1148928K
  class space    used 12537K, capacity 13901K, committed 13952K, reserved 1048576K
GC Heap History (20 events):
Event: 14923.465 GC heap before
{Heap before GC invocations=150 (full 0):
 garbage-first heap   total 398336K, used 170429K [0x00000000a0000000, 0x0000000100000000)
  region size 1024K, 19 young (19456K), 4 survivors (4096K)
 Metaspace       used 99135K, capacity 103690K, committed 104064K, reserved 1138688K
  class space    used 12475K, capacity 13808K, committed 13952K, reserved 1048576K
}
Event: 14923.897 GC heap after
{Heap after GC invocations=151 (full 0):
 garbage-first heap   total 398336K, used 151734K [0x00000000a0000000, 0x0000000100000000)
  region size 1024K, 2 young (2048K), 2 survivors (2048K)
 Metaspace       used 99135K, capacity 103690K, committed 104064K, reserved 1138688K
  class space    used 12475K, capacity 13808K, committed 13952K, reserved 1048576K
}
Event: 14926.002 GC heap before
{Heap before GC invocations=151 (full 0):
 garbage-first heap   total 398336K, used 169142K [0x00000000a0000000, 0x0000000100000000)
  region size 1024K, 19 young (19456K), 2 survivors (2048K)
 Metaspace       used 99219K, capacity 103806K, committed 104064K, reserved 1138688K
  class space    used 12498K, capacity 13844K, committed 13952K, reserved 1048576K
}
Event: 14926.108 GC heap after
{Heap after GC invocations=152 (full 0):
 garbage-first heap   total 398336K, used 151439K [0x00000000a0000000, 0x0000000100000000)
  region size 1024K, 3 young (3072K), 3 survivors (3072K)
 Metaspace       used 99219K, capacity 103806K, committed 104064K, reserved 1138688K
  class space    used 12498K, capacity 13844K, committed 13952K, reserved 1048576K
}
Event: 14927.281 GC heap before
{Heap before GC invocations=152 (full 0):
 garbage-first heap   total 398336K, used 178063K [0x00000000a0000000, 0x0000000100000000)
  region size 1024K, 30 young (30720K), 3 survivors (3072K)
 Metaspace       used 99298K, capacity 103950K, committed 104320K, reserved 1140736K
  class space    used 12515K, capacity 13870K, committed 13952K, reserved 1048576K
}
Event: 14927.312 GC heap after
{Heap after GC invocations=153 (full 0):
 garbage-first heap   total 398336K, used 154350K [0x00000000a0000000, 0x0000000100000000)
  region size 1024K, 4 young (4096K), 4 survivors (4096K)
 Metaspace       used 99298K, capacity 103950K, committed 104320K, reserved 1140736K
  class space    used 12515K, capacity 13870K, committed 13952K, reserved 1048576K
}
Event: 14931.849 GC heap before
{Heap before GC invocations=154 (full 0):
 garbage-first heap   total 398336K, used 185070K [0x00000000a0000000, 0x0000000100000000)
  region size 1024K, 34 young (34816K), 4 survivors (4096K)
 Metaspace       used 99230K, capacity 103775K, committed 104320K, reserved 1140736K
  class space    used 12502K, capacity 13844K, committed 13952K, reserved 1048576K
}
Event: 14931.901 GC heap after
{Heap after GC invocations=155 (full 0):
 garbage-first heap   total 398336K, used 158490K [0x00000000a0000000, 0x0000000100000000)
  region size 1024K, 5 young (5120K), 5 survivors (5120K)
 Metaspace       used 99230K, capacity 103775K, committed 104320K, reserved 1140736K
  class space    used 12502K, capacity 13844K, committed 13952K, reserved 1048576K
}
Event: 14932.438 GC heap before
{Heap before GC invocations=155 (full 0):
 garbage-first heap   total 398336K, used 172826K [0x00000000a0000000, 0x0000000100000000)
  region size 1024K, 19 young (19456K), 5 survivors (5120K)
 Metaspace       used 99277K, capacity 103820K, committed 104320K, reserved 1140736K
  class space    used 12511K, capacity 13858K, committed 13952K, reserved 1048576K
}
Event: 14932.566 GC heap after
{Heap after GC invocations=156 (full 0):
 garbage-first heap   total 398336K, used 132025K [0x00000000a0000000, 0x0000000100000000)
  region size 1024K, 3 young (3072K), 3 survivors (3072K)
 Metaspace       used 99277K, capacity 103820K, committed 104320K, reserved 1140736K
  class space    used 12511K, capacity 13858K, committed 13952K, reserved 1048576K
}
Event: 14933.727 GC heap before
{Heap before GC invocations=156 (full 0):
 garbage-first heap   total 398336K, used 148409K [0x00000000a0000000, 0x0000000100000000)
  region size 1024K, 19 young (19456K), 3 survivors (3072K)
 Metaspace       used 99322K, capacity 103843K, committed 104320K, reserved 1140736K
  class space    used 12514K, capacity 13863K, committed 13952K, reserved 1048576K
}
Event: 14933.779 GC heap after
{Heap after GC invocations=157 (full 0):
 garbage-first heap   total 398336K, used 132096K [0x00000000a0000000, 0x0000000100000000)
  region size 1024K, 3 young (3072K), 3 survivors (3072K)
 Metaspace       used 99322K, capacity 103843K, committed 104320K, reserved 1140736K
  class space    used 12514K, capacity 13863K, committed 13952K, reserved 1048576K
}
Event: 14935.548 GC heap before
{Heap before GC invocations=157 (full 0):
 garbage-first heap   total 398336K, used 172032K [0x00000000a0000000, 0x0000000100000000)
  region size 1024K, 42 young (43008K), 3 survivors (3072K)
 Metaspace       used 99391K, capacity 103942K, committed 104320K, reserved 1140736K
  class space    used 12518K, capacity 13871K, committed 13952K, reserved 1048576K
}
Event: 14935.614 GC heap after
{Heap after GC invocations=158 (full 0):
 garbage-first heap   total 398336K, used 140282K [0x00000000a0000000, 0x0000000100000000)
  region size 1024K, 6 young (6144K), 6 survivors (6144K)
 Metaspace       used 99391K, capacity 103942K, committed 104320K, reserved 1140736K
  class space    used 12518K, capacity 13871K, committed 13952K, reserved 1048576K
}
Event: 14937.430 GC heap before
{Heap before GC invocations=159 (full 0):
 garbage-first heap   total 398336K, used 178170K [0x00000000a0000000, 0x0000000100000000)
  region size 1024K, 43 young (44032K), 6 survivors (6144K)
 Metaspace       used 99474K, capacity 104035K, committed 104320K, reserved 1140736K
  class space    used 12522K, capacity 13877K, committed 13952K, reserved 1048576K
}
Event: 14937.519 GC heap after
{Heap after GC invocations=160 (full 0):
 garbage-first heap   total 398336K, used 149975K [0x00000000a0000000, 0x0000000100000000)
  region size 1024K, 6 young (6144K), 6 survivors (6144K)
 Metaspace       used 99474K, capacity 104035K, committed 104320K, reserved 1140736K
  class space    used 12522K, capacity 13877K, committed 13952K, reserved 1048576K
}
Event: 14937.880 GC heap before
{Heap before GC invocations=160 (full 0):
 garbage-first heap   total 398336K, used 163287K [0x00000000a0000000, 0x0000000100000000)
  region size 1024K, 19 young (19456K), 6 survivors (6144K)
 Metaspace       used 99491K, capacity 104100K, committed 104320K, reserved 1140736K
  class space    used 12522K, capacity 13877K, committed 13952K, reserved 1048576K
}
Event: 14937.945 GC heap after
{Heap after GC invocations=161 (full 0):
 garbage-first heap   total 398336K, used 152064K [0x00000000a0000000, 0x0000000100000000)
  region size 1024K, 3 young (3072K), 3 survivors (3072K)
 Metaspace       used 99491K, capacity 104100K, committed 104320K, reserved 1140736K
  class space    used 12522K, capacity 13877K, committed 13952K, reserved 1048576K
}
Event: 14939.640 GC heap before
{Heap before GC invocations=161 (full 0):
 garbage-first heap   total 398336K, used 179712K [0x00000000a0000000, 0x0000000100000000)
  region size 1024K, 32 young (32768K), 3 survivors (3072K)
 Metaspace       used 99608K, capacity 104267K, committed 104320K, reserved 1146880K
  class space    used 12537K, capacity 13901K, committed 13952K, reserved 1048576K
}
Event: 14939.672 GC heap after
{Heap after GC invocations=162 (full 0):
 garbage-first heap   total 398336K, used 155515K [0x00000000a0000000, 0x0000000100000000)
  region size 1024K, 7 young (7168K), 7 survivors (7168K)
 Metaspace       used 99608K, capacity 104267K, committed 104320K, reserved 1146880K
  class space    used 12537K, capacity 13901K, committed 13952K, reserved 1048576K
}

